<?xml version="1.0" encoding="UTF-8"?>
<!-- Generated by org.testng.reporters.JUnitReportReporter -->
<testsuite skipped="0" hostname="dell-PC" name="testcases.executeTestCase" tests="1" failures="0" timestamp="18 Jan 2018 18:22:29 GMT" time="44.244" errors="0">
  <testcase name="testLogin" time="44.244" classname="testcases.executeTestCase"/>
</testsuite> <!-- testcases.executeTestCase -->
